<?xml version="1.0" encoding="UTF-8"?>
<testsuite name="iplanalyser.IPLAnalyserTest" tests="1" skipped="0" failures="0" errors="0" timestamp="2020-10-26T16:00:33" hostname="DESKTOP-25DPEJS" time="76.746">
  <properties/>
  <testcase name="givenIPLCSVRunsFileReturnsCorrectRecords" classname="iplanalyser.IPLAnalyserTest" time="76.746"/>
  <system-out><![CDATA[]]></system-out>
  <system-err><![CDATA[]]></system-err>
</testsuite>
