<?xml version="1.0" encoding="UTF-8"?>
<testsuite name="iplanalyser.IPLAnalyserTest" tests="1" skipped="0" failures="0" errors="0" timestamp="2020-10-26T16:54:52" hostname="DESKTOP-25DPEJS" time="15.101">
  <properties/>
  <testcase name="givenIPLData_WhenSortedByTopStrikeRate_ShouldReturnSortedResult" classname="iplanalyser.IPLAnalyserTest" time="15.101"/>
  <system-out><![CDATA[]]></system-out>
  <system-err><![CDATA[]]></system-err>
</testsuite>
