<?xml version="1.0" encoding="UTF-8"?>
<testsuite name="iplanalyser.IPLAnalyserTest" tests="19" skipped="0" failures="0" errors="0" timestamp="2020-10-27T05:52:51" hostname="DESKTOP-25DPEJS" time="9.967">
  <properties/>
  <testcase name="givenIPLRunsData_WhenSortedByMaximumFour_ShouldReturnCorrectResult" classname="iplanalyser.IPLAnalyserTest" time="1.479"/>
  <testcase name="givenIPLData_WhenSortedByBestEconomy_ShouldReturnSortedResult" classname="iplanalyser.IPLAnalyserTest" time="0.696"/>
  <testcase name="givenIPLData_WhenSortedByMaximumWicketsWithBestBowlingAverage_ShouldReturnSortedResult" classname="iplanalyser.IPLAnalyserTest" time="0.551"/>
  <testcase name="givenIPLData_WhenSortedByWhoHadBestStrikeRateWithSixAndFour_ShouldReturnSortedResult" classname="iplanalyser.IPLAnalyserTest" time="0.439"/>
  <testcase name="givenIPLData_WhenSortedOnWhoHitMaximumHundredsWithBestBattingAverage_ShouldReturnSortedResult" classname="iplanalyser.IPLAnalyserTest" time="0.39"/>
  <testcase name="givenIPLData_WhenSortedByBestAverageWithout100sAnd50s_ShouldReturnSortedResult" classname="iplanalyser.IPLAnalyserTest" time="0.475"/>
  <testcase name="givenIPLData_WhenSortedByWhoHadBestStrikeRateWithMaximum5wAnd4w_ShouldReturnSortedResult" classname="iplanalyser.IPLAnalyserTest" time="0.586"/>
  <testcase name="givenIPLRunsData_WhenSortedByTopStrikeRate_ShouldReturnCorrectResult" classname="iplanalyser.IPLAnalyserTest" time="0.324"/>
  <testcase name="givenIPlData_whenSortOnRunsAndWickets_ShouldReturnSortedResult" classname="iplanalyser.IPLAnalyserTest" time="0.664"/>
  <testcase name="givenIPLRunsData_WhenSortedByMaximumSix_ShouldReturnCorrectResult" classname="iplanalyser.IPLAnalyserTest" time="0.317"/>
  <testcase name="givenIPLCSVWktsFileReturnsCorrectRecords" classname="iplanalyser.IPLAnalyserTest" time="0.401"/>
  <testcase name="givenIPlData_whenSortOnBattingAndBowlingAverages_ShouldReturnSortedResult" classname="iplanalyser.IPLAnalyserTest" time="0.654"/>
  <testcase name="givenIPLData_WhenSortedByWhoHitMaximumRunsWithBestAverage_ShouldReturnSortedResult" classname="iplanalyser.IPLAnalyserTest" time="0.55"/>
  <testcase name="givenIPLRunsData_WhenSortedByTopBattingAverages_ShouldReturnCorrectResult" classname="iplanalyser.IPLAnalyserTest" time="0.318"/>
  <testcase name="givenIPLData_WhenSortedByTopBowlingAverages_ShouldReturnSortedResult" classname="iplanalyser.IPLAnalyserTest" time="0.399"/>
  <testcase name="givenIPLData_WhenSortedByWhoHadGreatBowlingAverageWithBestStrikeRate_ShouldReturnSortedResult" classname="iplanalyser.IPLAnalyserTest" time="0.391"/>
  <testcase name="givenIPLData_WhenSortedByWhoHadBestAverageWithBestStrikeRate_ShouldReturnSortedResult" classname="iplanalyser.IPLAnalyserTest" time="0.313"/>
  <testcase name="givenIPLData_WhenSortedByTopBowlingStrikeRate_ShouldReturnSortedResult" classname="iplanalyser.IPLAnalyserTest" time="0.428"/>
  <testcase name="givenIPLCSVRunsFileReturnsCorrectRecords" classname="iplanalyser.IPLAnalyserTest" time="0.295"/>
  <system-out><![CDATA[]]></system-out>
  <system-err><![CDATA[]]></system-err>
</testsuite>
