<?xml version="1.0" encoding="UTF-8"?>
<testsuite name="iplanalyser.IPLAnalyserTest" tests="1" skipped="0" failures="0" errors="0" timestamp="2020-10-26T17:11:45" hostname="DESKTOP-25DPEJS" time="30.901">
  <properties/>
  <testcase name="givenIPLRunsData_WhenSortedByMaximumSix_ShouldReturnCorrectResult" classname="iplanalyser.IPLAnalyserTest" time="30.901"/>
  <system-out><![CDATA[]]></system-out>
  <system-err><![CDATA[]]></system-err>
</testsuite>
